  AiComponent.cpp
C:\Users\truls\source\repos\Pacman2020\Pacman2020\AiComponent.cpp(120,106): warning C4244: '=': conversion from 'double' to '_Ty', possible loss of data
          with
          [
              _Ty=int
          ]
C:\Users\truls\source\repos\Pacman2020\Pacman2020\AiComponent.cpp(131,106): warning C4244: '=': conversion from 'double' to '_Ty', possible loss of data
          with
          [
              _Ty=int
          ]
C:\Users\truls\source\repos\Pacman2020\Pacman2020\AiComponent.cpp(142,106): warning C4244: '=': conversion from 'double' to '_Ty', possible loss of data
          with
          [
              _Ty=int
          ]
  GameManager.cpp
  Ghost.cpp
  InputComponent.cpp
  LevelManager.cpp
  MovingEntity.cpp
  Pacman.cpp
  Pacman2020.cpp
  Generating Code...
C:\Users\truls\source\repos\Pacman2020\Pacman2020\AiComponent.cpp(164): warning C4715: 'AiComponent::checkIfReturn': not all control paths return a value
  Pacman2020.vcxproj -> C:\Users\truls\source\repos\Pacman2020\Debug\Pacman2020.exe
